
------------------------------------------------------------------------------------------------------------------------
THREE ADDRESS CODE (TAC): 
------------------------------------------------------------------------------------------------------------------------
0: 	fibonacci: 
1: 	t0 = 2
2: 	t1 = n % t0
3: 	t2 = 0
4: 	if t1 == t2 goto 7
5: 	goto 10
6: 	goto 16
7: 	param n
8: 	t3 = call f_even, 1
9: 	goto 14
10: 	param n
11: 	t4 = call f_odd, 1
12: 	t5 = t4
13: 	goto 16
14: 	t5 = t3
15: 	goto 16
16: 	return t5
17: 	
18: 	f_odd: 
19: 	t0 = 1
20: 	if n == t0 goto 23
21: 	goto 25
22: 	goto 38
23: 	t1 = 1
24: 	goto 36
25: 	t2 = 1
26: 	t3 = n - t2
27: 	param t3
28: 	t4 = call f_even, 1
29: 	t5 = 2
30: 	t6 = n - t5
31: 	param t6
32: 	t7 = call f_odd, 1
33: 	t8 = t4 + t7
34: 	t9 = t8
35: 	goto 38
36: 	t9 = t1
37: 	goto 38
38: 	return t9
39: 	
40: 	f_even: 
41: 	t0 = 0
42: 	if n == t0 goto 45
43: 	goto 47
44: 	goto 60
45: 	t1 = 0
46: 	goto 58
47: 	t2 = 1
48: 	t3 = n - t2
49: 	param t3
50: 	t4 = call f_odd, 1
51: 	t5 = 2
52: 	t6 = n - t5
53: 	param t6
54: 	t7 = call f_even, 1
55: 	t8 = t4 + t7
56: 	t9 = t8
57: 	goto 60
58: 	t9 = t1
59: 	goto 60
60: 	return t9
61: 	
62: 	main: 
63: 	t0 = 0
64: 	param t0
65: 	t1 = call printStr, 1
66: 	t2 = 1
67: 	param t2
68: 	t3 = call printStr, 1
69: 	param ep
70: 	t4 = call readInt, 1
71: 	val = t4
72: 	t5 = 2
73: 	param t5
74: 	t6 = call printStr, 1
75: 	param val
76: 	t7 = call printInt, 1
77: 	t8 = 3
78: 	param t8
79: 	t9 = call printStr, 1
80: 	param val
81: 	t10 = call fibonacci, 1
82: 	res = t10
83: 	t11 = 4
84: 	param t11
85: 	t12 = call printStr, 1
86: 	param val
87: 	t13 = call printInt, 1
88: 	t14 = 5
89: 	param t14
90: 	t15 = call printStr, 1
91: 	param res
92: 	t16 = call printInt, 1
93: 	t17 = 6
94: 	param t17
95: 	t18 = call printStr, 1
96: 	t19 = 0
97: 	return t19
98: 	
------------------------------------------------------------------------------------------------------------------------
------------------------------------------------------------------------------------------------------------------------
Table Name: Global
------------------------------------------------------------------------------------------------------------------------
Name                     Type                Initial Value                 Size           Offset         Category       
------------------------------------------------------------------------------------------------------------------------
f_even                   func                not-applicable                0              0              func
f_odd                    func                not-applicable                0              0              func
fibonacci                func                not-applicable                0              0              func
main                     func                not-applicable                0              0              func
printInt                 func                not-applicable                0              0              func
printStr                 func                not-applicable                0              0              func
readInt                  func                not-applicable                0              0              func
------------------------------------------------------------------------------------------------------------------------

------------------------------------------------------------------------------------------------------------------------
Table Name: f_even  |  Return Type: int
------------------------------------------------------------------------------------------------------------------------
Name                     Type                Initial Value                 Size           Offset         Category       
------------------------------------------------------------------------------------------------------------------------
n                        int                 undefined                     4              0              param
retVal                   int                 undefined                     4              4              
t0                       int                 0                             4              8              
t1                       int                 0                             4              12             
t2                       int                 1                             4              16             
t3                       int                 undefined                     4              20             
t4                       int                 undefined                     4              24             
t5                       int                 2                             4              28             
t6                       int                 undefined                     4              32             
t7                       int                 undefined                     4              36             
t8                       int                 undefined                     4              40             
t9                       int                 undefined                     4              44             
------------------------------------------------------------------------------------------------------------------------

------------------------------------------------------------------------------------------------------------------------
Table Name: f_odd  |  Return Type: int
------------------------------------------------------------------------------------------------------------------------
Name                     Type                Initial Value                 Size           Offset         Category       
------------------------------------------------------------------------------------------------------------------------
n                        int                 undefined                     4              0              param
retVal                   int                 undefined                     4              4              
t0                       int                 1                             4              8              
t1                       int                 1                             4              12             
t2                       int                 1                             4              16             
t3                       int                 undefined                     4              20             
t4                       int                 undefined                     4              24             
t5                       int                 2                             4              28             
t6                       int                 undefined                     4              32             
t7                       int                 undefined                     4              36             
t8                       int                 undefined                     4              40             
t9                       int                 undefined                     4              44             
------------------------------------------------------------------------------------------------------------------------

------------------------------------------------------------------------------------------------------------------------
Table Name: fibonacci  |  Return Type: int
------------------------------------------------------------------------------------------------------------------------
Name                     Type                Initial Value                 Size           Offset         Category       
------------------------------------------------------------------------------------------------------------------------
n                        int                 undefined                     4              0              param
retVal                   int                 undefined                     4              4              
t0                       int                 2                             4              8              
t1                       int                 undefined                     4              12             
t2                       int                 0                             4              16             
t3                       int                 undefined                     4              20             
t4                       int                 undefined                     4              24             
t5                       int                 undefined                     4              28             
------------------------------------------------------------------------------------------------------------------------

------------------------------------------------------------------------------------------------------------------------
Table Name: main  |  Return Type: int
------------------------------------------------------------------------------------------------------------------------
Name                     Type                Initial Value                 Size           Offset         Category       
------------------------------------------------------------------------------------------------------------------------
ep                       int                 undefined                     4              0              
res                      int                 undefined                     4              4              
retVal                   int                 undefined                     4              8              
t0                       ptr(char)           "\n\tFibonacci numbers\n\n"   4              12             
t1                       int                 undefined                     4              16             
t10                      int                 undefined                     4              20             
t11                      ptr(char)           "Fibonacci of "               4              24             
t12                      int                 undefined                     4              28             
t13                      int                 undefined                     4              32             
t14                      ptr(char)           " is "                        4              36             
t15                      int                 undefined                     4              40             
t16                      int                 undefined                     4              44             
t17                      ptr(char)           "\n"                          4              48             
t18                      int                 undefined                     4              52             
t19                      int                 0                             4              56             
t2                       ptr(char)           "Enter a number : "           4              60             
t3                       int                 undefined                     4              64             
t4                       int                 undefined                     4              68             
t5                       ptr(char)           "Read value: "                4              72             
t6                       int                 undefined                     4              76             
t7                       int                 undefined                     4              80             
t8                       ptr(char)           "\n"                          4              84             
t9                       int                 undefined                     4              88             
val                      int                 undefined                     4              92             
------------------------------------------------------------------------------------------------------------------------

------------------------------------------------------------------------------------------------------------------------
Table Name: printInt  |  Return Type: int
------------------------------------------------------------------------------------------------------------------------
Name                     Type                Initial Value                 Size           Offset         Category       
------------------------------------------------------------------------------------------------------------------------
num                      int                 undefined                     4              0              param
retVal                   int                 undefined                     4              4              
------------------------------------------------------------------------------------------------------------------------

------------------------------------------------------------------------------------------------------------------------
Table Name: printStr  |  Return Type: int
------------------------------------------------------------------------------------------------------------------------
Name                     Type                Initial Value                 Size           Offset         Category       
------------------------------------------------------------------------------------------------------------------------
c                        ptr(char)           undefined                     4              0              param
retVal                   int                 undefined                     4              4              
------------------------------------------------------------------------------------------------------------------------

------------------------------------------------------------------------------------------------------------------------
Table Name: readInt  |  Return Type: int
------------------------------------------------------------------------------------------------------------------------
Name                     Type                Initial Value                 Size           Offset         Category       
------------------------------------------------------------------------------------------------------------------------
eP                       ptr(int)            undefined                     4              0              param
retVal                   int                 undefined                     4              4              
------------------------------------------------------------------------------------------------------------------------

