
------------------------------------------------------------------------------------------------------------------------
THREE ADDRESS CODE (TAC): 
------------------------------------------------------------------------------------------------------------------------
0: 	factorial: 
1: 	t0 = 0
2: 	if n == t0 goto 5
3: 	goto 8
4: 	goto 16
5: 	t1 = 1
6: 	return t1
7: 	goto 16
8: 	t2 = 1
9: 	t3 = n - t2
10: 	param t3
11: 	t4 = call factorial, 1
12: 	t5 = n * t4
13: 	t6 = 100
14: 	t7 = t5 % t6
15: 	return t7
16: 	t8 = 0
17: 	return t8
18: 	
19: 	main: 
20: 	t0 = 0
21: 	param t0
22: 	t1 = call printStr, 1
23: 	t2 = 1
24: 	param t2
25: 	t3 = call printStr, 1
26: 	param ep
27: 	t4 = call readInt, 1
28: 	n = t4
29: 	param n
30: 	t5 = call factorial, 1
31: 	fact = t5
32: 	t6 = 2
33: 	param t6
34: 	t7 = call printStr, 1
35: 	param fact
36: 	t8 = call printInt, 1
37: 	t9 = 3
38: 	param t9
39: 	t10 = call printStr, 1
40: 	t11 = 0
41: 	return t11
42: 	
------------------------------------------------------------------------------------------------------------------------
------------------------------------------------------------------------------------------------------------------------
Table Name: Global
------------------------------------------------------------------------------------------------------------------------
Name                     Type                Initial Value                 Size           Offset         Category       
------------------------------------------------------------------------------------------------------------------------
factorial                func                not-applicable                0              0              func
main                     func                not-applicable                0              0              func
printInt                 func                not-applicable                0              0              func
printStr                 func                not-applicable                0              0              func
readInt                  func                not-applicable                0              0              func
------------------------------------------------------------------------------------------------------------------------

------------------------------------------------------------------------------------------------------------------------
Table Name: factorial  |  Return Type: int
------------------------------------------------------------------------------------------------------------------------
Name                     Type                Initial Value                 Size           Offset         Category       
------------------------------------------------------------------------------------------------------------------------
n                        int                 undefined                     4              0              param
retVal                   int                 undefined                     4              4              
t0                       int                 0                             4              8              
t1                       int                 1                             4              12             
t2                       int                 1                             4              16             
t3                       int                 undefined                     4              20             
t4                       int                 undefined                     4              24             
t5                       int                 undefined                     4              28             
t6                       int                 100                           4              32             
t7                       int                 undefined                     4              36             
t8                       int                 0                             4              40             
------------------------------------------------------------------------------------------------------------------------

------------------------------------------------------------------------------------------------------------------------
Table Name: main  |  Return Type: int
------------------------------------------------------------------------------------------------------------------------
Name                     Type                Initial Value                 Size           Offset         Category       
------------------------------------------------------------------------------------------------------------------------
ep                       ptr(int)            undefined                     4              0              
fact                     int                 undefined                     4              4              
n                        int                 undefined                     4              8              
retVal                   int                 undefined                     4              12             
t0                       ptr(char)           "\n\tRecursive factorial\n\n" 4              16             
t1                       int                 undefined                     4              20             
t10                      int                 undefined                     4              24             
t11                      int                 0                             4              28             
t2                       ptr(char)           "Enter an integer: "          4              32             
t3                       int                 undefined                     4              36             
t4                       int                 undefined                     4              40             
t5                       int                 undefined                     4              44             
t6                       ptr(char)           "The factorial mod 100 is: "  4              48             
t7                       int                 undefined                     4              52             
t8                       int                 undefined                     4              56             
t9                       ptr(char)           "\n"                          4              60             
------------------------------------------------------------------------------------------------------------------------

------------------------------------------------------------------------------------------------------------------------
Table Name: printInt  |  Return Type: int
------------------------------------------------------------------------------------------------------------------------
Name                     Type                Initial Value                 Size           Offset         Category       
------------------------------------------------------------------------------------------------------------------------
num                      int                 undefined                     4              0              param
retVal                   int                 undefined                     4              4              
------------------------------------------------------------------------------------------------------------------------

------------------------------------------------------------------------------------------------------------------------
Table Name: printStr  |  Return Type: int
------------------------------------------------------------------------------------------------------------------------
Name                     Type                Initial Value                 Size           Offset         Category       
------------------------------------------------------------------------------------------------------------------------
c                        ptr(char)           undefined                     4              0              param
retVal                   int                 undefined                     4              4              
------------------------------------------------------------------------------------------------------------------------

------------------------------------------------------------------------------------------------------------------------
Table Name: readInt  |  Return Type: int
------------------------------------------------------------------------------------------------------------------------
Name                     Type                Initial Value                 Size           Offset         Category       
------------------------------------------------------------------------------------------------------------------------
eP                       ptr(int)            undefined                     4              0              param
retVal                   int                 undefined                     4              4              
------------------------------------------------------------------------------------------------------------------------

