
------------------------------------------------------------------------------------------------------------------------
THREE ADDRESS CODE (TAC): 
------------------------------------------------------------------------------------------------------------------------
0: 	testingBoolean: 
1: 	t0 = 0
2: 	flag = t0
3: 	t1 = 10
4: 	if a < t1 goto 13
5: 	goto 6
6: 	t2 = 10
7: 	if b < t2 goto 13
8: 	goto 9
9: 	t3 = 10
10: 	if c < t3 goto 13
11: 	goto 17
12: 	goto 47
13: 	t4 = 0
14: 	param t4
15: 	t5 = call printStr, 1
16: 	goto 47
17: 	t6 = 100
18: 	if a <= t6 goto 20
19: 	goto 44
20: 	t7 = 100
21: 	if b <= t7 goto 23
22: 	goto 44
23: 	t8 = 100
24: 	if c <= t8 goto 27
25: 	goto 44
26: 	goto 47
27: 	if a == b goto 40
28: 	goto 29
29: 	if b != c goto 31
30: 	goto 40
31: 	if a != c goto 34
32: 	goto 40
33: 	goto 43
34: 	t9 = 1
35: 	param t9
36: 	t10 = call printStr, 1
37: 	t11 = 1
38: 	flag = t11
39: 	goto 47
40: 	t12 = 2
41: 	param t12
42: 	t13 = call printStr, 1
43: 	goto 47
44: 	t14 = 3
45: 	param t14
46: 	t15 = call printStr, 1
47: 	return flag
48: 	
49: 	main: 
50: 	t0 = 4
51: 	param t0
52: 	t1 = call printStr, 1
53: 	t2 = 5
54: 	param t2
55: 	t3 = call printStr, 1
56: 	param ep
57: 	t4 = call readInt, 1
58: 	a = t4
59: 	param ep
60: 	t5 = call readInt, 1
61: 	b = t5
62: 	param ep
63: 	t6 = call readInt, 1
64: 	c = t6
65: 	param a
66: 	param b
67: 	param c
68: 	t7 = call testingBoolean, 3
69: 	ret = t7
70: 	t8 = 1
71: 	if ret == t8 goto 74
72: 	goto 78
73: 	goto 81
74: 	t9 = 6
75: 	param t9
76: 	t10 = call printStr, 1
77: 	goto 81
78: 	t11 = 7
79: 	param t11
80: 	t12 = call printStr, 1
81: 	t13 = 0
82: 	return t13
83: 	
------------------------------------------------------------------------------------------------------------------------
------------------------------------------------------------------------------------------------------------------------
Table Name: Global
------------------------------------------------------------------------------------------------------------------------
Name                     Type                Initial Value                 Size           Offset         Category       
------------------------------------------------------------------------------------------------------------------------
main                     func                not-applicable                0              0              func
printInt                 func                not-applicable                0              0              func
printStr                 func                not-applicable                0              0              func
readInt                  func                not-applicable                0              0              func
testingBoolean           func                not-applicable                0              0              func
------------------------------------------------------------------------------------------------------------------------

------------------------------------------------------------------------------------------------------------------------
Table Name: main  |  Return Type: int
------------------------------------------------------------------------------------------------------------------------
Name                     Type                Initial Value                 Size           Offset         Category       
------------------------------------------------------------------------------------------------------------------------
a                        int                 undefined                     4              0              
b                        int                 undefined                     4              4              
c                        int                 undefined                     4              8              
ep                       ptr(int)            undefined                     4              12             
ret                      int                 undefined                     4              16             
retVal                   int                 undefined                     4              20             
t0                       ptr(char)           "\n\tBoolean expressions and if-else\n\n"4              24             
t1                       int                 undefined                     4              28             
t10                      int                 undefined                     4              32             
t11                      ptr(char)           "FAILURE\n"                   4              36             
t12                      int                 undefined                     4              40             
t13                      int                 0                             4              44             
t2                       ptr(char)           "Enter 3 distinct integers between 10 and 100: "4              48             
t3                       int                 undefined                     4              52             
t4                       int                 undefined                     4              56             
t5                       int                 undefined                     4              60             
t6                       int                 undefined                     4              64             
t7                       int                 undefined                     4              68             
t8                       int                 1                             4              72             
t9                       ptr(char)           "SUCCESS\n"                   4              76             
------------------------------------------------------------------------------------------------------------------------

------------------------------------------------------------------------------------------------------------------------
Table Name: printInt  |  Return Type: int
------------------------------------------------------------------------------------------------------------------------
Name                     Type                Initial Value                 Size           Offset         Category       
------------------------------------------------------------------------------------------------------------------------
num                      int                 undefined                     4              0              param
retVal                   int                 undefined                     4              4              
------------------------------------------------------------------------------------------------------------------------

------------------------------------------------------------------------------------------------------------------------
Table Name: printStr  |  Return Type: int
------------------------------------------------------------------------------------------------------------------------
Name                     Type                Initial Value                 Size           Offset         Category       
------------------------------------------------------------------------------------------------------------------------
c                        ptr(char)           undefined                     4              0              param
retVal                   int                 undefined                     4              4              
------------------------------------------------------------------------------------------------------------------------

------------------------------------------------------------------------------------------------------------------------
Table Name: readInt  |  Return Type: int
------------------------------------------------------------------------------------------------------------------------
Name                     Type                Initial Value                 Size           Offset         Category       
------------------------------------------------------------------------------------------------------------------------
eP                       ptr(int)            undefined                     4              0              param
retVal                   int                 undefined                     4              4              
------------------------------------------------------------------------------------------------------------------------

------------------------------------------------------------------------------------------------------------------------
Table Name: testingBoolean  |  Return Type: int
------------------------------------------------------------------------------------------------------------------------
Name                     Type                Initial Value                 Size           Offset         Category       
------------------------------------------------------------------------------------------------------------------------
a                        int                 undefined                     4              0              param
b                        int                 undefined                     4              4              param
c                        int                 undefined                     4              8              param
flag                     int                 0                             4              12             
retVal                   int                 undefined                     4              16             
t0                       int                 0                             4              20             
t1                       int                 10                            4              24             
t10                      int                 undefined                     4              28             
t11                      int                 1                             4              32             
t12                      ptr(char)           "Two or more numbers are equal\n"4              36             
t13                      int                 undefined                     4              40             
t14                      ptr(char)           "One of the numbers is greater than 100\n"4              44             
t15                      int                 undefined                     4              48             
t2                       int                 10                            4              52             
t3                       int                 10                            4              56             
t4                       ptr(char)           "One of the numbers is less than 10\n"4              60             
t5                       int                 undefined                     4              64             
t6                       int                 100                           4              68             
t7                       int                 100                           4              72             
t8                       int                 100                           4              76             
t9                       ptr(char)           "The numbers fit the criteria\n"4              80             
------------------------------------------------------------------------------------------------------------------------

