
------------------------------------------------------------------------------------------------------------------------
THREE ADDRESS CODE (TAC): 
------------------------------------------------------------------------------------------------------------------------
0: 	ncr: 
1: 	t0 = 1
2: 	num = t0
3: 	t1 = 1
4: 	den = t1
5: 	t2 = 1
6: 	i = t2
7: 	if i <= r goto 13
8: 	goto 21
9: 	t3 = 1
10: 	t4 = i + t3
11: 	i = t4
12: 	goto 7
13: 	t5 = n - i
14: 	t6 = 1
15: 	t7 = t5 + t6
16: 	t8 = num * t7
17: 	num = t8
18: 	t9 = den * i
19: 	den = t9
20: 	goto 9
21: 	t10 = num / den
22: 	return t10
23: 	
24: 	get_prod: 
25: 	t0 = a * b
26: 	prod = t0
27: 	return prod
28: 	
29: 	main: 
30: 	t0 = 0
31: 	param t0
32: 	t1 = call printStr, 1
33: 	t2 = 1
34: 	param t2
35: 	t3 = call printStr, 1
36: 	param ep
37: 	t4 = call readInt, 1
38: 	a = t4
39: 	param ep
40: 	t5 = call readInt, 1
41: 	b = t5
42: 	param a
43: 	param b
44: 	t6 = call get_prod, 2
45: 	c = t6
46: 	t7 = 2
47: 	param t7
48: 	t8 = call printStr, 1
49: 	param c
50: 	t9 = call printInt, 1
51: 	t10 = 3
52: 	param t10
53: 	t11 = call printStr, 1
54: 	param a
55: 	param b
56: 	t12 = call ncr, 2
57: 	c = t12
58: 	t13 = 4
59: 	param t13
60: 	t14 = call printStr, 1
61: 	param c
62: 	t15 = call printInt, 1
63: 	t16 = 5
64: 	param t16
65: 	t17 = call printStr, 1
66: 	t18 = 0
67: 	return t18
68: 	
------------------------------------------------------------------------------------------------------------------------
------------------------------------------------------------------------------------------------------------------------
Table Name: Global
------------------------------------------------------------------------------------------------------------------------
Name                     Type                Initial Value                 Size           Offset         Category       
------------------------------------------------------------------------------------------------------------------------
get_prod                 func                not-applicable                0              0              func
main                     func                not-applicable                0              0              func
ncr                      func                not-applicable                0              0              func
printInt                 func                not-applicable                0              0              func
printStr                 func                not-applicable                0              0              func
readInt                  func                not-applicable                0              0              func
------------------------------------------------------------------------------------------------------------------------

------------------------------------------------------------------------------------------------------------------------
Table Name: get_prod  |  Return Type: int
------------------------------------------------------------------------------------------------------------------------
Name                     Type                Initial Value                 Size           Offset         Category       
------------------------------------------------------------------------------------------------------------------------
a                        int                 undefined                     4              0              param
b                        int                 undefined                     4              4              param
prod                     int                 undefined                     4              8              
retVal                   int                 undefined                     4              12             
t0                       int                 undefined                     4              16             
------------------------------------------------------------------------------------------------------------------------

------------------------------------------------------------------------------------------------------------------------
Table Name: main  |  Return Type: int
------------------------------------------------------------------------------------------------------------------------
Name                     Type                Initial Value                 Size           Offset         Category       
------------------------------------------------------------------------------------------------------------------------
a                        int                 undefined                     4              0              
b                        int                 undefined                     4              4              
c                        int                 undefined                     4              8              
ep                       ptr(int)            undefined                     4              12             
retVal                   int                 undefined                     4              16             
t0                       ptr(char)           "\n\tComputing product and ncr\n\n"4              20             
t1                       int                 undefined                     4              24             
t10                      ptr(char)           "\n"                          4              28             
t11                      int                 undefined                     4              32             
t12                      int                 undefined                     4              36             
t13                      ptr(char)           "The ncr is: "                4              40             
t14                      int                 undefined                     4              44             
t15                      int                 undefined                     4              48             
t16                      ptr(char)           "\n"                          4              52             
t17                      int                 undefined                     4              56             
t18                      int                 0                             4              60             
t2                       ptr(char)           "Enter 2 integers: "          4              64             
t3                       int                 undefined                     4              68             
t4                       int                 undefined                     4              72             
t5                       int                 undefined                     4              76             
t6                       int                 undefined                     4              80             
t7                       ptr(char)           "The product is: "            4              84             
t8                       int                 undefined                     4              88             
t9                       int                 undefined                     4              92             
------------------------------------------------------------------------------------------------------------------------

------------------------------------------------------------------------------------------------------------------------
Table Name: ncr  |  Return Type: int
------------------------------------------------------------------------------------------------------------------------
Name                     Type                Initial Value                 Size           Offset         Category       
------------------------------------------------------------------------------------------------------------------------
den                      int                 1                             4              0              
i                        int                 undefined                     4              4              
n                        int                 undefined                     4              8              param
num                      int                 1                             4              12             
r                        int                 undefined                     4              16             param
retVal                   int                 undefined                     4              20             
t0                       int                 1                             4              24             
t1                       int                 1                             4              28             
t10                      int                 undefined                     4              32             
t2                       int                 1                             4              36             
t3                       int                 1                             4              40             
t4                       int                 undefined                     4              44             
t5                       int                 undefined                     4              48             
t6                       int                 1                             4              52             
t7                       int                 undefined                     4              56             
t8                       int                 undefined                     4              60             
t9                       int                 undefined                     4              64             
------------------------------------------------------------------------------------------------------------------------

------------------------------------------------------------------------------------------------------------------------
Table Name: printInt  |  Return Type: int
------------------------------------------------------------------------------------------------------------------------
Name                     Type                Initial Value                 Size           Offset         Category       
------------------------------------------------------------------------------------------------------------------------
num                      int                 undefined                     4              0              param
retVal                   int                 undefined                     4              4              
------------------------------------------------------------------------------------------------------------------------

------------------------------------------------------------------------------------------------------------------------
Table Name: printStr  |  Return Type: int
------------------------------------------------------------------------------------------------------------------------
Name                     Type                Initial Value                 Size           Offset         Category       
------------------------------------------------------------------------------------------------------------------------
c                        ptr(char)           undefined                     4              0              param
retVal                   int                 undefined                     4              4              
------------------------------------------------------------------------------------------------------------------------

------------------------------------------------------------------------------------------------------------------------
Table Name: readInt  |  Return Type: int
------------------------------------------------------------------------------------------------------------------------
Name                     Type                Initial Value                 Size           Offset         Category       
------------------------------------------------------------------------------------------------------------------------
eP                       ptr(int)            undefined                     4              0              param
retVal                   int                 undefined                     4              4              
------------------------------------------------------------------------------------------------------------------------

